
/home/runner/work/exp-density-stone-iitb/exp-density-stone-iitb/experiment/simulation/common_libraries/js/ts_components/collapse_step.js
   1:10  warning  'show_step' is defined but never used                 no-unused-vars
   2:5   warning  '$' is not defined                                    no-undef
   3:9   warning  '$' is not defined                                    no-undef
   6:10  warning  'hide_step' is defined but never used                 no-unused-vars
   7:5   warning  '$' is not defined                                    no-undef
   8:9   warning  '$' is not defined                                    no-undef
  11:10  warning  'get_collapse_btn_text' is defined but never used     no-unused-vars
  20:10  warning  'get_collapse_btn_element' is defined but never used  no-unused-vars
  29:10  warning  'hide_all_steps' is defined but never used            no-unused-vars
  31:9   warning  '$' is not defined                                    no-undef

/home/runner/work/exp-density-stone-iitb/exp-density-stone-iitb/experiment/simulation/common_libraries/js/ts_components/matrix.js
   27:26  warning  'MathJax' is not defined                                no-undef
   32:7   warning  'Matrix_Without_String' is defined but never used       no-unused-vars
   52:26  warning  'MathJax' is not defined                                no-undef
   56:10  warning  'get_matrix_html' is defined but never used             no-unused-vars
   87:13  warning  'row_html' is assigned a value but never used           no-unused-vars
   99:10  warning  'get_matrix_html_with_title' is defined but never used  no-unused-vars
  131:13  warning  'row_html' is assigned a value but never used           no-unused-vars
  143:10  warning  'convert_2d_to_1d_vector' is defined but never used     no-unused-vars
  156:10  warning  'convert_1d_to_2d_matrix' is defined but never used     no-unused-vars

/home/runner/work/exp-density-stone-iitb/exp-density-stone-iitb/experiment/simulation/common_libraries/js/ts_components/pannel.js
  8:7  warning  'Pannel' is defined but never used  no-unused-vars

/home/runner/work/exp-density-stone-iitb/exp-density-stone-iitb/experiment/simulation/common_libraries/js/ts_components/questions.js
   6:17  warning  'op1' is assigned a value but never used      no-unused-vars
   7:17  warning  'op2' is assigned a value but never used      no-unused-vars
   8:17  warning  'op3' is assigned a value but never used      no-unused-vars
   9:17  warning  'op4' is assigned a value but never used      no-unused-vars
  94:7   warning  'Question_Options' is defined but never used  no-unused-vars

/home/runner/work/exp-density-stone-iitb/exp-density-stone-iitb/experiment/simulation/common_libraries/js/ts_components/tables.js
   19:22  warning  'verify_values' is not defined                                     no-undef
  137:22  warning  'verify_values' is not defined                                     no-undef
  260:7   warning  'Verify_Rows_Cols_6_decimal_places' is defined but never used      no-unused-vars
  311:22  warning  'verify_values' is not defined                                     no-undef
  416:7   warning  'Verify_Rows_Cols_Custom_Fixed_Update1' is defined but never used  no-unused-vars
  468:7   warning  'Show_Table_Custom_Fixed' is defined but never used                no-unused-vars
  506:7   warning  'Verify_Rows_Cols_Strings' is defined but never used               no-unused-vars
  527:22  warning  'verify_values' is not defined                                     no-undef
  663:7   warning  'Display_Table' is defined but never used                          no-unused-vars

/home/runner/work/exp-density-stone-iitb/exp-density-stone-iitb/experiment/simulation/common_libraries/js/ts_math_library/general_math_functions.js
    1:10  warning  'verify_values' is defined but never used                   no-unused-vars
   17:10  warning  'random1' is defined but never used                         no-unused-vars
   21:10  warning  'std_deviation' is defined but never used                   no-unused-vars
   26:10  warning  'gauss' is defined but never used                           no-unused-vars
   56:10  warning  'hide_panel' is defined but never used                      no-unused-vars
   63:10  warning  'inverse_matrix' is defined but never used                  no-unused-vars
   96:10  warning  'matrix_multiplication' is defined but never used           no-unused-vars
  113:10  warning  'transpose_matrix' is defined but never used                no-unused-vars
  123:10  warning  'matrix_multiplication_8decimal' is defined but never used  no-unused-vars
  140:10  warning  'adjoint_2x2_matrix' is defined but never used              no-unused-vars
  145:10  warning  'find_deteminant' is defined but never used                 no-unused-vars
  174:10  warning  'get_Submatrix' is defined but never used                   no-unused-vars

/home/runner/work/exp-density-stone-iitb/exp-density-stone-iitb/experiment/simulation/common_libraries/js/ts_math_library/regression.js
   1:10  warning  'regression_linear' is defined but never used            no-unused-vars
  18:10  warning  'regression_linear_1variable' is defined but never used  no-unused-vars
  27:10  warning  'regression_linear_2variable' is defined but never used  no-unused-vars
  52:11  warning  'gauss' is not defined                                   no-undef

/home/runner/work/exp-density-stone-iitb/exp-density-stone-iitb/experiment/simulation/common_libraries/math.ob.js
  1:745  warning  'b' is already defined  no-redeclare

/home/runner/work/exp-density-stone-iitb/exp-density-stone-iitb/experiment/simulation/js/activity1.js
   14:9   warning  'MathJax' is not defined                               no-undef
   19:5   warning  'w_air' is not defined                                 no-undef
   20:5   warning  'w_water' is not defined                               no-undef
   21:5   warning  'w' is not defined                                     no-undef
   22:5   warning  'V' is not defined                                     no-undef
   23:5   warning  'M' is not defined                                     no-undef
   24:5   warning  'den_stone' is not defined                             no-undef
   25:5   warning  'sp_gra' is not defined                                no-undef
   26:5   warning  'w_air' is not defined                                 no-undef
   26:13  warning  'random1' is not defined                               no-undef
   27:5   warning  'w_water' is not defined                               no-undef
   27:15  warning  'random1' is not defined                               no-undef
   28:5   warning  'w' is not defined                                     no-undef
   28:9   warning  'w_air' is not defined                                 no-undef
   28:17  warning  'w_water' is not defined                               no-undef
   29:5   warning  'V' is not defined                                     no-undef
   29:21  warning  'w' is not defined                                     no-undef
   29:33  warning  'g' is not defined                                     no-undef
   30:5   warning  'M' is not defined                                     no-undef
   30:21  warning  'w_air' is not defined                                 no-undef
   30:29  warning  'g' is not defined                                     no-undef
   31:5   warning  'den_stone' is not defined                             no-undef
   31:29  warning  'M' is not defined                                     no-undef
   31:33  warning  'V' is not defined                                     no-undef
   32:5   warning  'sp_gra' is not defined                                no-undef
   32:26  warning  'den_stone' is not defined                             no-undef
   34:10  warning  'start_act1' is defined but never used                 no-unused-vars
   39:20  warning  'get_collapse_btn_text' is not defined                 no-undef
   46:27  warning  'w_air' is not defined                                 no-undef
   46:49  warning  'w_water' is not defined                               no-undef
   54:40  warning  'w_air' is not defined                                 no-undef
   57:43  warning  'w_water' is not defined                               no-undef
   80:5   warning  'hide_all_steps' is not defined                        no-undef
   82:9   warning  'show_step' is not defined                             no-undef
   85:10  warning  'verify_w_water_displaced' is defined but never used   no-unused-vars
   87:17  warning  'w' is not defined                                     no-undef
   88:10  warning  'verify_values' is not defined                         no-undef
   88:47  warning  'w' is not defined                                     no-undef
  102:43  warning  'w' is not defined                                     no-undef
  108:10  warning  'load_v1_div' is defined but never used                no-unused-vars
  120:63  warning  Unnecessary escape character: \ρ                       no-useless-escape
  131:9   warning  'MathJax' is not defined                               no-undef
  134:10  warning  'verify_v1' is defined but never used                  no-unused-vars
  136:17  warning  'V' is not defined                                     no-undef
  137:10  warning  'verify_values' is not defined                         no-undef
  137:47  warning  'V' is not defined                                     no-undef
  152:57  warning  Unnecessary escape character: \ρ                       no-useless-escape
  152:68  warning  'V' is not defined                                     no-undef
  159:9   warning  'MathJax' is not defined                               no-undef
  162:10  warning  'load_v2_div' is defined but never used                no-unused-vars
  185:9   warning  'MathJax' is not defined                               no-undef
  188:10  warning  'verify_v2' is defined but never used                  no-unused-vars
  190:17  warning  'V' is not defined                                     no-undef
  191:10  warning  'verify_values' is not defined                         no-undef
  191:47  warning  'V' is not defined                                     no-undef
  206:57  warning  'V' is not defined                                     no-undef
  213:9   warning  'MathJax' is not defined                               no-undef
  216:10  warning  'load_mass_div' is defined but never used              no-unused-vars
  239:9   warning  'MathJax' is not defined                               no-undef
  242:10  warning  'verify_m' is defined but never used                   no-unused-vars
  244:17  warning  'M' is not defined                                     no-undef
  245:10  warning  'verify_values' is not defined                         no-undef
  245:47  warning  'M' is not defined                                     no-undef
  260:68  warning  'M' is not defined                                     no-undef
  267:9   warning  'MathJax' is not defined                               no-undef
  270:10  warning  'load_density_div' is defined but never used           no-unused-vars
  282:15  warning  Unnecessary escape character: \ρ                       no-useless-escape
  293:9   warning  'MathJax' is not defined                               no-undef
  296:10  warning  'verify_density' is defined but never used             no-unused-vars
  298:17  warning  'den_stone' is not defined                             no-undef
  299:10  warning  'verify_values' is not defined                         no-undef
  299:47  warning  'den_stone' is not defined                             no-undef
  314:10  warning  Unnecessary escape character: \ρ                       no-useless-escape
  314:35  warning  'den_stone' is not defined                             no-undef
  321:9   warning  'MathJax' is not defined                               no-undef
  324:10  warning  'load_specific_gravity_div' is defined but never used  no-unused-vars
  336:45  warning  Unnecessary escape character: \ρ                       no-useless-escape
  336:51  warning  Unnecessary escape character: \ρ                       no-useless-escape
  347:9   warning  'MathJax' is not defined                               no-undef
  350:10  warning  'verify_specific_gravity' is defined but never used    no-unused-vars
  352:17  warning  'sp_gra' is not defined                                no-undef
  353:10  warning  'verify_values' is not defined                         no-undef
  353:47  warning  'sp_gra' is not defined                                no-undef
  368:43  warning  Unnecessary escape character: \ρ                       no-useless-escape
  368:49  warning  Unnecessary escape character: \ρ                       no-useless-escape
  368:59  warning  'sp_gra' is not defined                                no-undef
  375:9   warning  'MathJax' is not defined                               no-undef
  378:10  warning  'exp_complete' is defined but never used               no-unused-vars

/home/runner/work/exp-density-stone-iitb/exp-density-stone-iitb/experiment/simulation/js/data.js
   2:5  warning  'w_air' is assigned a value but never used    no-unused-vars
   4:5  warning  'w_water' is assigned a value but never used  no-unused-vars
   6:5  warning  'w' is defined but never used                 no-unused-vars
   8:5  warning  'V' is defined but never used                 no-unused-vars
  10:5  warning  'M' is defined but never used                 no-unused-vars
  12:5  warning  'den_stone' is defined but never used         no-unused-vars
  14:5  warning  'sp_gra' is defined but never used            no-unused-vars
  15:5  warning  'g' is assigned a value but never used        no-unused-vars

/home/runner/work/exp-density-stone-iitb/exp-density-stone-iitb/experiment/simulation/js/screen_size.js
  1:10  warning  'set_screen_size' is defined but never used  no-unused-vars

✖ 148 problems (0 errors, 148 warnings)

